2023-10-04 16:23:34,241 - src.internal.CyberSportParser - INFO - Getting Url
2023-10-04 16:23:34,241 - src.internal.CyberSportParser - INFO - Starting parsing https://cyber.sports.ru/dota2
2023-10-04 16:23:34,241 - src.internal.CyberSportParser - INFO - Getting Url
2023-10-04 16:23:35,438 - src.internal.CyberSportParser - INFO - Returned results
2023-10-04 16:24:12,656 - src.internal.CyberSportParser - INFO - Getting Url
2023-10-04 16:24:12,657 - src.internal.CyberSportParser - INFO - Starting parsing https://cyber.sports.ru/dota2/news/
2023-10-04 16:24:12,657 - src.internal.CyberSportParser - INFO - Getting Url
2023-10-04 16:24:13,472 - src.internal.CyberSportParser - INFO - Starting parsing https://cyber.sports.ru/dota2/1115521199-ame-mozhet-vozobnovit-kareru.html
2023-10-04 16:24:14,049 - src.internal.CyberSportParser - INFO - Starting parsing https://cyber.sports.ru/dota2/1115519308-lukawa-betboom-chut-li-ne-dvumya-sostavami-na-inte-budut-voprosy.html
2023-10-04 16:24:14,776 - src.internal.CyberSportParser - INFO - Starting parsing https://cyber.sports.ru/dota2/1115516766-mariya-gunina-kak-zhe-nachal-lagat-iphone-vnezapno-posle-prezentaczii-.html
2023-10-04 16:24:15,280 - src.internal.CyberSportParser - INFO - Starting parsing https://cyber.sports.ru/dota2/1115514029-lukawa-po-pervomu-dnyu-v-amerike-est-oshhushhenie-chto-ya-v-alternativ.html
2023-10-04 16:24:15,472 - src.internal.CyberSportParser - INFO - Starting parsing https://cyber.sports.ru/dota2/1115521199-ame-mozhet-vozobnovit-kareru.html
2023-10-04 16:24:15,666 - src.internal.CyberSportParser - INFO - Starting parsing https://cyber.sports.ru/dota2/1115519308-lukawa-betboom-chut-li-ne-dvumya-sostavami-na-inte-budut-voprosy.html
2023-10-04 16:24:15,939 - src.internal.CyberSportParser - INFO - Starting parsing https://cyber.sports.ru/dota2/1115516766-mariya-gunina-kak-zhe-nachal-lagat-iphone-vnezapno-posle-prezentaczii-.html
2023-10-04 16:24:16,132 - src.internal.CyberSportParser - INFO - Starting parsing https://cyber.sports.ru/dota2/1115514029-lukawa-po-pervomu-dnyu-v-amerike-est-oshhushhenie-chto-ya-v-alternativ.html
2023-10-04 16:24:16,783 - src.internal.CyberSportParser - INFO - Starting parsing https://cyber.sports.ru/dota2/1115488127-format-provedeniya-the-international-2023-dota-2-komandy-uchastniki-gd.html
2023-10-04 16:24:17,381 - src.internal.CyberSportParser - INFO - Starting parsing https://cyber.sports.ru/dota2/1112859085-prognoz-na-grand-final-the-international-2022.html
2023-10-04 16:24:17,955 - src.internal.CyberSportParser - INFO - Starting parsing https://cyber.sports.ru/dota2/1112855673-prognoz-na-match-team-secret-team-liquid-na-the-international-2022.html
2023-10-04 16:24:18,864 - src.internal.CyberSportParser - INFO - Starting parsing https://cyber.sports.ru/dota2/1112730468-prognoz-na-match-team-secret-tundra-na-the-international-2022.html
2023-10-04 16:24:19,527 - src.internal.CyberSportParser - INFO - Starting parsing https://cyber.sports.ru/dota2/1112669169-prognoz-na-match-og-team-liquid-na-the-international-2022.html
2023-10-04 16:24:20,095 - src.internal.CyberSportParser - INFO - Starting parsing https://cyber.sports.ru/dota2/1112648363-prognoz-na-match-tundra-team-aster-na-the-international-2022.html
2023-10-04 16:24:20,937 - src.internal.CyberSportParser - INFO - Starting parsing https://cyber.sports.ru/dota2/1112624621-prognoz-na-match-psglgd-boom-na-the-international-2022.html
2023-10-04 16:24:21,592 - src.internal.CyberSportParser - INFO - Starting parsing https://cyber.sports.ru/dota2/1112595765-prognoz-na-match-team-liquid-team-aster-na-the-international-2022.html
2023-10-04 16:24:22,191 - src.internal.CyberSportParser - INFO - Starting parsing https://cyber.sports.ru/dota2/1112586726-prognoz-na-match-royal-never-give-up-entity-gaming-na-the-internationa.html
2023-10-04 16:24:22,855 - src.internal.CyberSportParser - INFO - Starting parsing https://cyber.sports.ru/dota2/1112565659-prognoz-na-match-team-aster-team-spirit-na-the-international-2022.html
2023-10-04 16:24:23,468 - src.internal.CyberSportParser - INFO - Starting parsing https://cyber.sports.ru/dota2/1112545888-prognoz-na-match-og-betboom-team-na-the-international-2022.html
2023-10-04 16:24:24,099 - src.internal.CyberSportParser - INFO - Starting parsing https://cyber.sports.ru/dota2/1112521050-prognoz-na-match-boom-betboom-team-na-the-international-2022.html
2023-10-04 16:24:24,657 - src.internal.CyberSportParser - INFO - Starting parsing https://cyber.sports.ru/dota2/1112497302-prognoz-na-match-team-liquid-betboom-team-na-the-international-2022.html
2023-10-04 16:24:25,262 - src.internal.CyberSportParser - INFO - Starting parsing https://cyber.sports.ru/dota2/1112438625-prognoz-na-match-team-liquid-vici-gaming-na-the-international-2022.html
2023-10-04 16:24:25,993 - src.internal.CyberSportParser - INFO - Starting parsing https://cyber.sports.ru/dota2/1112424570-prognoz-na-match-vici-gaming-wildcard-gaming-na-the-international-2022.html
2023-10-04 16:24:27,183 - src.internal.CyberSportParser - INFO - Starting parsing https://cyber.sports.ru/dota2/1112389827-prognoz-na-match-t1-wildcard-gaming-na-the-international-2022.html
2023-10-04 16:24:27,810 - src.internal.CyberSportParser - INFO - Starting parsing https://cyber.sports.ru/dota2/1112388073-prognoz-na-match-team-secret-polaris-esports-na-the-international-2022.html
2023-10-04 16:24:28,430 - src.internal.CyberSportParser - INFO - Starting parsing https://cyber.sports.ru/dota2/1112349251-prognoz-na-match-team-secret-nouns-na-the-international-2022.html
2023-10-04 16:24:29,026 - src.internal.CyberSportParser - INFO - Starting parsing https://cyber.sports.ru/dota2/1112347303-prognoz-na-match-virtuspro-infamous-na-the-international-2022.html
2023-10-04 16:24:29,616 - src.internal.CyberSportParser - INFO - Starting parsing https://cyber.sports.ru/dota2/1030801771.html
2023-10-04 16:24:29,793 - src.internal.CyberSportParser - INFO - Starting parsing https://cyber.sports.ru/dota2/1115488127-format-provedeniya-the-international-2023-dota-2-komandy-uchastniki-gd.html
2023-10-04 16:24:29,989 - src.internal.CyberSportParser - INFO - Starting parsing https://cyber.sports.ru/dota2/1112859085-prognoz-na-grand-final-the-international-2022.html
2023-10-04 16:24:30,190 - src.internal.CyberSportParser - INFO - Starting parsing https://cyber.sports.ru/dota2/1112855673-prognoz-na-match-team-secret-team-liquid-na-the-international-2022.html
2023-10-04 16:24:30,376 - src.internal.CyberSportParser - INFO - Starting parsing https://cyber.sports.ru/dota2/1112730468-prognoz-na-match-team-secret-tundra-na-the-international-2022.html
2023-10-04 16:24:30,600 - src.internal.CyberSportParser - INFO - Starting parsing https://cyber.sports.ru/dota2/1112669169-prognoz-na-match-og-team-liquid-na-the-international-2022.html
2023-10-04 16:24:30,800 - src.internal.CyberSportParser - INFO - Starting parsing https://cyber.sports.ru/dota2/1112648363-prognoz-na-match-tundra-team-aster-na-the-international-2022.html
2023-10-04 16:24:31,375 - src.internal.CyberSportParser - INFO - Starting parsing https://cyber.sports.ru/dota2/1112624621-prognoz-na-match-psglgd-boom-na-the-international-2022.html
2023-10-04 16:24:31,560 - src.internal.CyberSportParser - INFO - Starting parsing https://cyber.sports.ru/dota2/1112595765-prognoz-na-match-team-liquid-team-aster-na-the-international-2022.html
2023-10-04 16:24:31,803 - src.internal.CyberSportParser - INFO - Starting parsing https://cyber.sports.ru/dota2/1112586726-prognoz-na-match-royal-never-give-up-entity-gaming-na-the-internationa.html
2023-10-04 16:24:31,995 - src.internal.CyberSportParser - INFO - Starting parsing https://cyber.sports.ru/dota2/1112565659-prognoz-na-match-team-aster-team-spirit-na-the-international-2022.html
2023-10-04 16:24:32,498 - src.internal.CyberSportParser - INFO - Starting parsing https://cyber.sports.ru/dota2/1112545888-prognoz-na-match-og-betboom-team-na-the-international-2022.html
2023-10-04 16:24:32,749 - src.internal.CyberSportParser - INFO - Starting parsing https://cyber.sports.ru/dota2/1112521050-prognoz-na-match-boom-betboom-team-na-the-international-2022.html
2023-10-04 16:24:33,377 - src.internal.CyberSportParser - INFO - Starting parsing https://cyber.sports.ru/dota2/1112497302-prognoz-na-match-team-liquid-betboom-team-na-the-international-2022.html
2023-10-04 16:24:33,926 - src.internal.CyberSportParser - INFO - Starting parsing https://cyber.sports.ru/dota2/1112438625-prognoz-na-match-team-liquid-vici-gaming-na-the-international-2022.html
2023-10-04 16:24:34,440 - src.internal.CyberSportParser - INFO - Starting parsing https://cyber.sports.ru/dota2/1112424570-prognoz-na-match-vici-gaming-wildcard-gaming-na-the-international-2022.html
2023-10-04 16:24:34,635 - src.internal.CyberSportParser - INFO - Starting parsing https://cyber.sports.ru/dota2/1112389827-prognoz-na-match-t1-wildcard-gaming-na-the-international-2022.html
2023-10-04 16:24:35,269 - src.internal.CyberSportParser - INFO - Starting parsing https://cyber.sports.ru/dota2/1112388073-prognoz-na-match-team-secret-polaris-esports-na-the-international-2022.html
2023-10-04 16:24:35,534 - src.internal.CyberSportParser - INFO - Starting parsing https://cyber.sports.ru/dota2/1112349251-prognoz-na-match-team-secret-nouns-na-the-international-2022.html
2023-10-04 16:24:36,044 - src.internal.CyberSportParser - INFO - Starting parsing https://cyber.sports.ru/dota2/1112347303-prognoz-na-match-virtuspro-infamous-na-the-international-2022.html
2023-10-04 16:24:36,887 - src.internal.CyberSportParser - INFO - Starting parsing https://cyber.sports.ru/dota2/1107121190.html
2023-10-04 16:24:37,705 - src.internal.CyberSportParser - INFO - Starting parsing https://cyber.sports.ru/dota2/1085314792.html
2023-10-04 16:24:38,246 - src.internal.CyberSportParser - INFO - Starting parsing https://cyber.sports.ru/dota2/1051753994.html
2023-10-04 16:24:38,804 - src.internal.CyberSportParser - INFO - Starting parsing https://cyber.sports.ru/dota2/1051469701.html
2023-10-04 16:24:39,456 - src.internal.CyberSportParser - INFO - Starting parsing https://cyber.sports.ru/dota2/1051304339.html
2023-10-04 16:24:40,162 - src.internal.CyberSportParser - INFO - Starting parsing https://cyber.sports.ru/dota2/1049932393.html
2023-10-04 16:24:40,768 - src.internal.CyberSportParser - INFO - Starting parsing https://cyber.sports.ru/dota2/1049148078.html
2023-10-04 16:24:41,692 - src.internal.CyberSportParser - INFO - Starting parsing https://cyber.sports.ru/dota2/1048318036.html
2023-10-04 16:24:42,271 - src.internal.CyberSportParser - INFO - Starting parsing https://cyber.sports.ru/dota2/1046378531.html
2023-10-04 16:24:42,897 - src.internal.CyberSportParser - INFO - Starting parsing https://cyber.sports.ru/dota2/1042363179.html
2023-10-04 16:24:42,900 - src.internal.CyberSportParser - INFO - Getting Url
2023-10-04 16:24:42,903 - src.internal.CyberSportParser - INFO - File CyberSportParser created
2023-10-04 16:24:42,903 - src.internal.CyberSportParser - INFO - Returned results
