2023-10-02 17:39:48,951 - src.internal.CyberSportParser - INFO - Getting Url
2023-10-02 17:44:16,597 - src.internal.CyberSportParser - INFO - Getting Url
2023-10-02 17:44:17,101 - src.internal.CyberSportParser - WARNING - Problem while parsing article: 'NoneType' object has no attribute 'text'
2023-10-02 17:44:17,101 - src.internal.CyberSportParser - WARNING - Problem while parsing article: 'NoneType' object has no attribute 'text'
2023-10-02 17:44:17,102 - src.internal.CyberSportParser - WARNING - Problem while parsing article: 'NoneType' object has no attribute 'text'
2023-10-02 17:44:17,102 - src.internal.CyberSportParser - WARNING - Problem while parsing article: 'NoneType' object has no attribute 'text'
2023-10-02 17:44:17,102 - src.internal.CyberSportParser - WARNING - Problem while parsing article: 'NoneType' object has no attribute 'text'
2023-10-02 17:44:17,102 - src.internal.CyberSportParser - WARNING - Problem while parsing article: 'NoneType' object has no attribute 'text'
2023-10-02 17:44:17,103 - src.internal.CyberSportParser - WARNING - Problem while parsing article: 'NoneType' object has no attribute 'text'
2023-10-02 17:44:17,103 - src.internal.CyberSportParser - WARNING - Problem while parsing article: 'NoneType' object has no attribute 'text'
2023-10-02 17:44:17,103 - src.internal.CyberSportParser - WARNING - Problem while parsing article: 'NoneType' object has no attribute 'text'
2023-10-02 17:44:17,104 - src.internal.CyberSportParser - WARNING - Problem while parsing article: 'NoneType' object has no attribute 'text'
2023-10-02 17:44:17,104 - src.internal.CyberSportParser - WARNING - Problem while parsing article: 'NoneType' object has no attribute 'text'
2023-10-02 17:44:17,104 - src.internal.CyberSportParser - WARNING - Problem while parsing article: 'NoneType' object has no attribute 'text'
2023-10-02 17:44:17,104 - src.internal.CyberSportParser - WARNING - Problem while parsing article: 'NoneType' object has no attribute 'text'
2023-10-02 17:44:17,104 - src.internal.CyberSportParser - WARNING - Problem while parsing article: 'NoneType' object has no attribute 'text'
2023-10-02 17:44:17,104 - src.internal.CyberSportParser - WARNING - Problem while parsing article: 'NoneType' object has no attribute 'text'
2023-10-02 17:44:17,104 - src.internal.CyberSportParser - WARNING - Problem while parsing article: 'NoneType' object has no attribute 'text'
2023-10-02 17:44:17,104 - src.internal.CyberSportParser - WARNING - Problem while parsing article: 'NoneType' object has no attribute 'text'
2023-10-02 17:44:17,104 - src.internal.CyberSportParser - WARNING - Problem while parsing article: 'NoneType' object has no attribute 'text'
2023-10-02 17:44:17,104 - src.internal.CyberSportParser - WARNING - Problem while parsing article: 'NoneType' object has no attribute 'text'
2023-10-02 17:44:17,105 - src.internal.CyberSportParser - WARNING - Problem while parsing article: 'NoneType' object has no attribute 'text'
2023-10-02 17:44:17,105 - src.internal.CyberSportParser - WARNING - Problem while parsing article: 'NoneType' object has no attribute 'text'
2023-10-02 17:44:17,105 - src.internal.CyberSportParser - WARNING - Problem while parsing article: 'NoneType' object has no attribute 'text'
2023-10-02 17:44:17,105 - src.internal.CyberSportParser - WARNING - Problem while parsing article: 'NoneType' object has no attribute 'text'
2023-10-02 17:44:17,105 - src.internal.CyberSportParser - WARNING - Problem while parsing article: 'NoneType' object has no attribute 'text'
2023-10-02 17:44:17,105 - src.internal.CyberSportParser - WARNING - Problem while parsing article: 'NoneType' object has no attribute 'text'
2023-10-02 17:44:17,106 - src.internal.CyberSportParser - WARNING - Problem while parsing article: 'NoneType' object has no attribute 'text'
2023-10-02 17:44:17,106 - src.internal.CyberSportParser - WARNING - Problem while parsing article: 'NoneType' object has no attribute 'text'
2023-10-02 17:44:17,106 - src.internal.CyberSportParser - WARNING - Problem while parsing article: 'NoneType' object has no attribute 'text'
2023-10-02 17:44:17,106 - src.internal.CyberSportParser - WARNING - Problem while parsing article: 'NoneType' object has no attribute 'text'
2023-10-02 17:44:17,106 - src.internal.CyberSportParser - WARNING - Problem while parsing article: 'NoneType' object has no attribute 'text'
2023-10-02 17:44:17,106 - src.internal.CyberSportParser - WARNING - Problem while parsing article: 'NoneType' object has no attribute 'text'
2023-10-02 17:44:17,106 - src.internal.CyberSportParser - WARNING - Problem while parsing article: 'NoneType' object has no attribute 'text'
2023-10-02 17:44:17,106 - src.internal.CyberSportParser - WARNING - Problem while parsing article: 'NoneType' object has no attribute 'text'
2023-10-02 17:44:17,107 - src.internal.CyberSportParser - WARNING - Problem while parsing article: 'NoneType' object has no attribute 'text'
2023-10-02 17:44:17,107 - src.internal.CyberSportParser - WARNING - Problem while parsing article: 'NoneType' object has no attribute 'text'
2023-10-02 17:44:17,107 - src.internal.CyberSportParser - WARNING - Problem while parsing article: 'NoneType' object has no attribute 'text'
2023-10-02 17:44:17,119 - src.internal.CyberSportParser - WARNING - Problem while parsing article: 'NoneType' object has no attribute 'text'
2023-10-02 17:44:17,119 - src.internal.CyberSportParser - WARNING - Problem while parsing article: 'NoneType' object has no attribute 'text'
2023-10-02 17:44:17,119 - src.internal.CyberSportParser - WARNING - Problem while parsing article: 'NoneType' object has no attribute 'text'
2023-10-02 17:44:17,119 - src.internal.CyberSportParser - WARNING - Problem while parsing article: 'NoneType' object has no attribute 'text'
2023-10-02 17:44:17,119 - src.internal.CyberSportParser - WARNING - Problem while parsing article: 'NoneType' object has no attribute 'text'
2023-10-02 17:44:17,119 - src.internal.CyberSportParser - WARNING - Problem while parsing article: 'NoneType' object has no attribute 'text'
2023-10-02 17:44:17,120 - src.internal.CyberSportParser - WARNING - Problem while parsing article: 'NoneType' object has no attribute 'text'
2023-10-02 17:44:17,120 - src.internal.CyberSportParser - WARNING - Problem while parsing article: 'NoneType' object has no attribute 'text'
2023-10-02 17:44:17,120 - src.internal.CyberSportParser - WARNING - Problem while parsing article: 'NoneType' object has no attribute 'text'
2023-10-02 17:44:17,120 - src.internal.CyberSportParser - WARNING - Problem while parsing article: 'NoneType' object has no attribute 'text'
2023-10-02 17:44:17,120 - src.internal.CyberSportParser - WARNING - Problem while parsing article: 'NoneType' object has no attribute 'text'
2023-10-02 17:44:17,120 - src.internal.CyberSportParser - WARNING - Problem while parsing article: 'NoneType' object has no attribute 'text'
2023-10-02 17:44:17,121 - src.internal.CyberSportParser - WARNING - Problem while parsing article: 'NoneType' object has no attribute 'text'
2023-10-02 17:44:17,121 - src.internal.CyberSportParser - WARNING - Problem while parsing article: 'NoneType' object has no attribute 'text'
2023-10-02 17:44:17,121 - src.internal.CyberSportParser - WARNING - Problem while parsing article: 'NoneType' object has no attribute 'text'
2023-10-02 17:44:17,121 - src.internal.CyberSportParser - WARNING - Problem while parsing article: 'NoneType' object has no attribute 'text'
2023-10-02 17:44:17,121 - src.internal.CyberSportParser - WARNING - Problem while parsing article: 'NoneType' object has no attribute 'text'
2023-10-02 17:44:17,121 - src.internal.CyberSportParser - WARNING - Problem while parsing article: 'NoneType' object has no attribute 'text'
2023-10-02 17:44:17,121 - src.internal.CyberSportParser - WARNING - Problem while parsing article: 'NoneType' object has no attribute 'text'
2023-10-02 17:44:17,121 - src.internal.CyberSportParser - WARNING - Problem while parsing article: 'NoneType' object has no attribute 'text'
2023-10-02 17:44:17,121 - src.internal.CyberSportParser - WARNING - Problem while parsing article: 'NoneType' object has no attribute 'text'
2023-10-02 17:44:17,121 - src.internal.CyberSportParser - WARNING - Problem while parsing article: 'NoneType' object has no attribute 'text'
2023-10-02 17:44:17,121 - src.internal.CyberSportParser - WARNING - Problem while parsing article: 'NoneType' object has no attribute 'text'
2023-10-02 17:44:28,284 - src.internal.CyberSportParser - INFO - Getting Url
2023-10-02 17:44:28,664 - src.internal.CyberSportParser - WARNING - Problem while parsing article: 'NoneType' object has no attribute 'text'
2023-10-02 17:44:28,664 - src.internal.CyberSportParser - WARNING - Problem while parsing article: 'NoneType' object has no attribute 'text'
2023-10-02 17:44:28,665 - src.internal.CyberSportParser - WARNING - Problem while parsing article: 'NoneType' object has no attribute 'text'
2023-10-02 17:44:28,665 - src.internal.CyberSportParser - WARNING - Problem while parsing article: 'NoneType' object has no attribute 'text'
2023-10-02 17:44:28,665 - src.internal.CyberSportParser - WARNING - Problem while parsing article: 'NoneType' object has no attribute 'text'
2023-10-02 17:44:28,665 - src.internal.CyberSportParser - WARNING - Problem while parsing article: 'NoneType' object has no attribute 'text'
2023-10-02 17:44:28,666 - src.internal.CyberSportParser - WARNING - Problem while parsing article: 'NoneType' object has no attribute 'text'
2023-10-02 17:44:28,666 - src.internal.CyberSportParser - WARNING - Problem while parsing article: 'NoneType' object has no attribute 'text'
2023-10-02 17:44:28,666 - src.internal.CyberSportParser - WARNING - Problem while parsing article: 'NoneType' object has no attribute 'text'
2023-10-02 17:44:28,666 - src.internal.CyberSportParser - WARNING - Problem while parsing article: 'NoneType' object has no attribute 'text'
2023-10-02 17:44:28,666 - src.internal.CyberSportParser - WARNING - Problem while parsing article: 'NoneType' object has no attribute 'text'
2023-10-02 17:44:28,667 - src.internal.CyberSportParser - WARNING - Problem while parsing article: 'NoneType' object has no attribute 'text'
2023-10-02 17:44:28,667 - src.internal.CyberSportParser - WARNING - Problem while parsing article: 'NoneType' object has no attribute 'text'
2023-10-02 17:44:28,667 - src.internal.CyberSportParser - WARNING - Problem while parsing article: 'NoneType' object has no attribute 'text'
2023-10-02 17:44:28,667 - src.internal.CyberSportParser - WARNING - Problem while parsing article: 'NoneType' object has no attribute 'text'
2023-10-02 17:44:28,667 - src.internal.CyberSportParser - WARNING - Problem while parsing article: 'NoneType' object has no attribute 'text'
2023-10-02 17:44:28,667 - src.internal.CyberSportParser - WARNING - Problem while parsing article: 'NoneType' object has no attribute 'text'
2023-10-02 17:44:28,667 - src.internal.CyberSportParser - WARNING - Problem while parsing article: 'NoneType' object has no attribute 'text'
2023-10-02 17:44:28,667 - src.internal.CyberSportParser - WARNING - Problem while parsing article: 'NoneType' object has no attribute 'text'
2023-10-02 17:44:28,668 - src.internal.CyberSportParser - WARNING - Problem while parsing article: 'NoneType' object has no attribute 'text'
2023-10-02 17:44:28,668 - src.internal.CyberSportParser - WARNING - Problem while parsing article: 'NoneType' object has no attribute 'text'
2023-10-02 17:44:28,668 - src.internal.CyberSportParser - WARNING - Problem while parsing article: 'NoneType' object has no attribute 'text'
2023-10-02 17:44:28,668 - src.internal.CyberSportParser - WARNING - Problem while parsing article: 'NoneType' object has no attribute 'text'
2023-10-02 17:44:28,668 - src.internal.CyberSportParser - WARNING - Problem while parsing article: 'NoneType' object has no attribute 'text'
2023-10-02 17:44:28,668 - src.internal.CyberSportParser - WARNING - Problem while parsing article: 'NoneType' object has no attribute 'text'
2023-10-02 17:44:28,668 - src.internal.CyberSportParser - WARNING - Problem while parsing article: 'NoneType' object has no attribute 'text'
2023-10-02 17:44:28,669 - src.internal.CyberSportParser - WARNING - Problem while parsing article: 'NoneType' object has no attribute 'text'
2023-10-02 17:44:28,669 - src.internal.CyberSportParser - WARNING - Problem while parsing article: 'NoneType' object has no attribute 'text'
2023-10-02 17:44:28,669 - src.internal.CyberSportParser - WARNING - Problem while parsing article: 'NoneType' object has no attribute 'text'
2023-10-02 17:44:28,669 - src.internal.CyberSportParser - WARNING - Problem while parsing article: 'NoneType' object has no attribute 'text'
2023-10-02 17:44:28,674 - src.internal.CyberSportParser - WARNING - Problem while parsing article: 'NoneType' object has no attribute 'text'
2023-10-02 17:44:28,674 - src.internal.CyberSportParser - WARNING - Problem while parsing article: 'NoneType' object has no attribute 'text'
2023-10-02 17:44:28,674 - src.internal.CyberSportParser - WARNING - Problem while parsing article: 'NoneType' object has no attribute 'text'
2023-10-02 17:44:28,674 - src.internal.CyberSportParser - WARNING - Problem while parsing article: 'NoneType' object has no attribute 'text'
2023-10-02 17:44:28,674 - src.internal.CyberSportParser - WARNING - Problem while parsing article: 'NoneType' object has no attribute 'text'
2023-10-02 17:44:28,674 - src.internal.CyberSportParser - WARNING - Problem while parsing article: 'NoneType' object has no attribute 'text'
2023-10-02 17:44:28,674 - src.internal.CyberSportParser - WARNING - Problem while parsing article: 'NoneType' object has no attribute 'text'
2023-10-02 17:44:28,674 - src.internal.CyberSportParser - WARNING - Problem while parsing article: 'NoneType' object has no attribute 'text'
2023-10-02 17:44:28,674 - src.internal.CyberSportParser - WARNING - Problem while parsing article: 'NoneType' object has no attribute 'text'
2023-10-02 17:44:28,675 - src.internal.CyberSportParser - WARNING - Problem while parsing article: 'NoneType' object has no attribute 'text'
2023-10-02 17:44:28,675 - src.internal.CyberSportParser - WARNING - Problem while parsing article: 'NoneType' object has no attribute 'text'
2023-10-02 17:44:28,675 - src.internal.CyberSportParser - WARNING - Problem while parsing article: 'NoneType' object has no attribute 'text'
2023-10-02 17:44:28,675 - src.internal.CyberSportParser - WARNING - Problem while parsing article: 'NoneType' object has no attribute 'text'
2023-10-02 17:44:28,675 - src.internal.CyberSportParser - WARNING - Problem while parsing article: 'NoneType' object has no attribute 'text'
2023-10-02 17:44:28,675 - src.internal.CyberSportParser - WARNING - Problem while parsing article: 'NoneType' object has no attribute 'text'
2023-10-02 17:44:28,676 - src.internal.CyberSportParser - WARNING - Problem while parsing article: 'NoneType' object has no attribute 'text'
2023-10-02 17:44:28,676 - src.internal.CyberSportParser - WARNING - Problem while parsing article: 'NoneType' object has no attribute 'text'
2023-10-02 17:44:28,676 - src.internal.CyberSportParser - WARNING - Problem while parsing article: 'NoneType' object has no attribute 'text'
2023-10-02 17:44:28,676 - src.internal.CyberSportParser - WARNING - Problem while parsing article: 'NoneType' object has no attribute 'text'
2023-10-02 17:44:28,676 - src.internal.CyberSportParser - WARNING - Problem while parsing article: 'NoneType' object has no attribute 'text'
2023-10-02 17:44:28,676 - src.internal.CyberSportParser - WARNING - Problem while parsing article: 'NoneType' object has no attribute 'text'
2023-10-02 17:44:28,676 - src.internal.CyberSportParser - WARNING - Problem while parsing article: 'NoneType' object has no attribute 'text'
2023-10-02 17:44:28,676 - src.internal.CyberSportParser - WARNING - Problem while parsing article: 'NoneType' object has no attribute 'text'
2023-10-02 17:44:28,676 - src.internal.CyberSportParser - WARNING - Problem while parsing article: 'NoneType' object has no attribute 'text'
2023-10-02 17:44:28,677 - src.internal.CyberSportParser - WARNING - Problem while parsing article: 'NoneType' object has no attribute 'text'
2023-10-02 17:44:28,677 - src.internal.CyberSportParser - WARNING - Problem while parsing article: 'NoneType' object has no attribute 'text'
2023-10-02 17:44:28,677 - src.internal.CyberSportParser - WARNING - Problem while parsing article: 'NoneType' object has no attribute 'text'
2023-10-02 17:44:28,677 - src.internal.CyberSportParser - WARNING - Problem while parsing article: 'NoneType' object has no attribute 'text'
2023-10-02 17:44:28,677 - src.internal.CyberSportParser - WARNING - Problem while parsing article: 'NoneType' object has no attribute 'text'
2023-10-02 17:44:59,882 - src.internal.CyberSportParser - INFO - Getting Url
2023-10-02 17:45:00,397 - src.internal.CyberSportParser - WARNING - Problem while parsing article: 'NoneType' object has no attribute 'find'
2023-10-02 17:45:00,397 - src.internal.CyberSportParser - WARNING - Problem while parsing article: 'NoneType' object has no attribute 'find'
2023-10-02 17:45:00,398 - src.internal.CyberSportParser - WARNING - Problem while parsing article: 'NoneType' object has no attribute 'find'
2023-10-02 17:45:00,398 - src.internal.CyberSportParser - WARNING - Problem while parsing article: 'NoneType' object has no attribute 'find'
2023-10-02 17:45:00,398 - src.internal.CyberSportParser - WARNING - Problem while parsing article: 'NoneType' object has no attribute 'find'
2023-10-02 17:45:00,398 - src.internal.CyberSportParser - WARNING - Problem while parsing article: 'NoneType' object has no attribute 'find'
2023-10-02 17:45:00,399 - src.internal.CyberSportParser - WARNING - Problem while parsing article: 'NoneType' object has no attribute 'find'
2023-10-02 17:45:00,399 - src.internal.CyberSportParser - WARNING - Problem while parsing article: 'NoneType' object has no attribute 'find'
2023-10-02 17:45:00,400 - src.internal.CyberSportParser - WARNING - Problem while parsing article: 'NoneType' object has no attribute 'find'
2023-10-02 17:45:00,400 - src.internal.CyberSportParser - WARNING - Problem while parsing article: 'NoneType' object has no attribute 'find'
2023-10-02 17:45:00,400 - src.internal.CyberSportParser - WARNING - Problem while parsing article: 'NoneType' object has no attribute 'text'
2023-10-02 17:45:00,400 - src.internal.CyberSportParser - WARNING - Problem while parsing article: 'NoneType' object has no attribute 'text'
2023-10-02 17:45:00,400 - src.internal.CyberSportParser - WARNING - Problem while parsing article: 'NoneType' object has no attribute 'text'
2023-10-02 17:45:00,400 - src.internal.CyberSportParser - WARNING - Problem while parsing article: 'NoneType' object has no attribute 'text'
2023-10-02 17:45:00,400 - src.internal.CyberSportParser - WARNING - Problem while parsing article: 'NoneType' object has no attribute 'text'
2023-10-02 17:45:00,400 - src.internal.CyberSportParser - WARNING - Problem while parsing article: 'NoneType' object has no attribute 'text'
2023-10-02 17:45:00,400 - src.internal.CyberSportParser - WARNING - Problem while parsing article: 'NoneType' object has no attribute 'text'
2023-10-02 17:45:00,400 - src.internal.CyberSportParser - WARNING - Problem while parsing article: 'NoneType' object has no attribute 'text'
2023-10-02 17:45:00,401 - src.internal.CyberSportParser - WARNING - Problem while parsing article: 'NoneType' object has no attribute 'text'
2023-10-02 17:45:00,401 - src.internal.CyberSportParser - WARNING - Problem while parsing article: 'NoneType' object has no attribute 'text'
2023-10-02 17:45:00,401 - src.internal.CyberSportParser - WARNING - Problem while parsing article: 'NoneType' object has no attribute 'text'
2023-10-02 17:45:00,401 - src.internal.CyberSportParser - WARNING - Problem while parsing article: 'NoneType' object has no attribute 'text'
2023-10-02 17:45:00,401 - src.internal.CyberSportParser - WARNING - Problem while parsing article: 'NoneType' object has no attribute 'text'
2023-10-02 17:45:00,401 - src.internal.CyberSportParser - WARNING - Problem while parsing article: 'NoneType' object has no attribute 'text'
2023-10-02 17:45:00,402 - src.internal.CyberSportParser - WARNING - Problem while parsing article: 'NoneType' object has no attribute 'text'
2023-10-02 17:45:00,402 - src.internal.CyberSportParser - WARNING - Problem while parsing article: 'NoneType' object has no attribute 'text'
2023-10-02 17:45:00,402 - src.internal.CyberSportParser - WARNING - Problem while parsing article: 'NoneType' object has no attribute 'text'
2023-10-02 17:45:00,402 - src.internal.CyberSportParser - WARNING - Problem while parsing article: 'NoneType' object has no attribute 'text'
2023-10-02 17:45:00,402 - src.internal.CyberSportParser - WARNING - Problem while parsing article: 'NoneType' object has no attribute 'text'
2023-10-02 17:45:00,402 - src.internal.CyberSportParser - WARNING - Problem while parsing article: 'NoneType' object has no attribute 'text'
2023-10-02 17:45:00,408 - src.internal.CyberSportParser - WARNING - Problem while parsing article: 'NoneType' object has no attribute 'text'
2023-10-02 17:45:00,408 - src.internal.CyberSportParser - WARNING - Problem while parsing article: 'NoneType' object has no attribute 'text'
2023-10-02 17:45:00,408 - src.internal.CyberSportParser - WARNING - Problem while parsing article: 'NoneType' object has no attribute 'text'
2023-10-02 17:45:00,408 - src.internal.CyberSportParser - WARNING - Problem while parsing article: 'NoneType' object has no attribute 'text'
2023-10-02 17:45:00,408 - src.internal.CyberSportParser - WARNING - Problem while parsing article: 'NoneType' object has no attribute 'text'
2023-10-02 17:45:00,408 - src.internal.CyberSportParser - WARNING - Problem while parsing article: 'NoneType' object has no attribute 'text'
2023-10-02 17:45:00,408 - src.internal.CyberSportParser - WARNING - Problem while parsing article: 'NoneType' object has no attribute 'text'
2023-10-02 17:45:00,408 - src.internal.CyberSportParser - WARNING - Problem while parsing article: 'NoneType' object has no attribute 'text'
2023-10-02 17:45:00,409 - src.internal.CyberSportParser - WARNING - Problem while parsing article: 'NoneType' object has no attribute 'text'
2023-10-02 17:45:00,409 - src.internal.CyberSportParser - WARNING - Problem while parsing article: 'NoneType' object has no attribute 'text'
2023-10-02 17:45:00,409 - src.internal.CyberSportParser - WARNING - Problem while parsing article: 'NoneType' object has no attribute 'text'
2023-10-02 17:45:00,409 - src.internal.CyberSportParser - WARNING - Problem while parsing article: 'NoneType' object has no attribute 'text'
2023-10-02 17:45:00,409 - src.internal.CyberSportParser - WARNING - Problem while parsing article: 'NoneType' object has no attribute 'text'
2023-10-02 17:45:00,409 - src.internal.CyberSportParser - WARNING - Problem while parsing article: 'NoneType' object has no attribute 'text'
2023-10-02 17:45:00,410 - src.internal.CyberSportParser - WARNING - Problem while parsing article: 'NoneType' object has no attribute 'text'
2023-10-02 17:45:00,410 - src.internal.CyberSportParser - WARNING - Problem while parsing article: 'NoneType' object has no attribute 'text'
2023-10-02 17:45:00,410 - src.internal.CyberSportParser - WARNING - Problem while parsing article: 'NoneType' object has no attribute 'text'
2023-10-02 17:45:00,410 - src.internal.CyberSportParser - WARNING - Problem while parsing article: 'NoneType' object has no attribute 'text'
2023-10-02 17:45:00,410 - src.internal.CyberSportParser - WARNING - Problem while parsing article: 'NoneType' object has no attribute 'text'
2023-10-02 17:45:00,410 - src.internal.CyberSportParser - WARNING - Problem while parsing article: 'NoneType' object has no attribute 'text'
2023-10-02 17:45:00,410 - src.internal.CyberSportParser - WARNING - Problem while parsing article: 'NoneType' object has no attribute 'text'
2023-10-02 17:45:00,410 - src.internal.CyberSportParser - WARNING - Problem while parsing article: 'NoneType' object has no attribute 'text'
2023-10-02 17:45:00,411 - src.internal.CyberSportParser - WARNING - Problem while parsing article: 'NoneType' object has no attribute 'text'
2023-10-02 17:45:00,411 - src.internal.CyberSportParser - WARNING - Problem while parsing article: 'NoneType' object has no attribute 'text'
2023-10-02 17:45:00,411 - src.internal.CyberSportParser - WARNING - Problem while parsing article: 'NoneType' object has no attribute 'text'
2023-10-02 17:45:00,411 - src.internal.CyberSportParser - WARNING - Problem while parsing article: 'NoneType' object has no attribute 'text'
2023-10-02 17:45:00,411 - src.internal.CyberSportParser - WARNING - Problem while parsing article: 'NoneType' object has no attribute 'text'
2023-10-02 17:45:00,411 - src.internal.CyberSportParser - WARNING - Problem while parsing article: 'NoneType' object has no attribute 'text'
2023-10-02 17:45:00,411 - src.internal.CyberSportParser - WARNING - Problem while parsing article: 'NoneType' object has no attribute 'text'
2023-10-02 17:45:06,564 - src.internal.CyberSportParser - INFO - Getting Url
2023-10-02 17:45:07,324 - src.internal.CyberSportParser - INFO - Getting Url
2023-10-02 17:45:07,369 - src.internal.CyberSportParser - INFO - Getting parsing site: https://cyber.sports.ru/dota2/news/top/

2023-10-02 17:45:11,850 - src.internal.CyberSportParser - INFO - Getting Url
2023-10-02 17:45:11,851 - src.internal.CyberSportParser - INFO - Getting parsing site: https://cyber.sports.ru/dota2/news/top/

2023-10-02 17:45:37,253 - src.internal.CyberSportParser - INFO - Getting Url
2023-10-02 17:45:37,253 - src.internal.CyberSportParser - INFO - Getting parsing site: https://cyber.sports.ru/dota2/news/top/

2023-10-02 17:45:44,642 - src.internal.CyberSportParser - INFO - Getting Url
2023-10-02 17:45:44,674 - src.internal.CyberSportParser - INFO - Getting parsing site: https://cyber.sports.ru/dota2/news/top/

2023-10-02 17:45:54,336 - src.internal.CyberSportParser - INFO - Getting Url
2023-10-02 17:45:54,336 - src.internal.CyberSportParser - INFO - Getting parsing site: https://cyber.sports.ru/dota2/news/top/

2023-10-02 17:46:03,436 - src.internal.CyberSportParser - INFO - Getting Url
2023-10-02 17:46:03,436 - src.internal.CyberSportParser - INFO - Getting parsing site: https://cyber.sports.ru/dota2/news/top/

2023-10-02 17:46:08,599 - src.internal.CyberSportParser - INFO - Getting Url
2023-10-02 17:46:08,628 - src.internal.CyberSportParser - INFO - Getting parsing site: https://cyber.sports.ru/dota2/news/top/

2023-10-02 17:46:12,516 - src.internal.CyberSportParser - INFO - Getting Url
2023-10-02 17:46:12,519 - src.internal.CyberSportParser - INFO - Getting parsing site: https://cyber.sports.ru/dota2/news/top/

2023-10-02 17:46:19,179 - src.internal.CyberSportParser - INFO - Getting Url
2023-10-02 17:46:19,215 - src.internal.CyberSportParser - INFO - Getting parsing site: https://cyber.sports.ru/dota2/news/top/

2023-10-02 17:46:22,735 - src.internal.CyberSportParser - INFO - Getting Url
2023-10-02 17:46:22,735 - src.internal.CyberSportParser - INFO - Getting parsing site: https://cyber.sports.ru/dota2/news/top/

2023-10-02 17:46:23,621 - src.internal.CyberSportParser - INFO - Getting Url
2023-10-02 17:46:23,621 - src.internal.CyberSportParser - INFO - Getting parsing site: https://cyber.sports.ru/dota2/news/top/

2023-10-02 17:46:24,415 - src.internal.CyberSportParser - INFO - Getting Url
2023-10-02 17:46:24,430 - src.internal.CyberSportParser - INFO - Getting parsing site: https://cyber.sports.ru/dota2/news/top/

2023-10-02 17:46:25,208 - src.internal.CyberSportParser - INFO - Getting Url
2023-10-02 17:46:25,239 - src.internal.CyberSportParser - INFO - Getting parsing site: https://cyber.sports.ru/dota2/news/top/

2023-10-02 17:46:27,463 - src.internal.CyberSportParser - WARNING - Problem while parsing article: 'NoneType' object has no attribute 'find'
2023-10-02 17:46:27,542 - src.internal.CyberSportParser - INFO - Getting Url
2023-10-02 17:46:27,573 - src.internal.CyberSportParser - INFO - Getting parsing site: https://cyber.sports.ru/dota2/news/top/

2023-10-02 17:46:35,617 - src.internal.CyberSportParser - INFO - Getting Url
2023-10-02 17:46:36,458 - src.internal.CyberSportParser - INFO - Getting Url
2023-10-02 17:46:36,471 - src.internal.CyberSportParser - INFO - Getting parsing site: https://cyber.sports.ru/dota2/news/top/

2023-10-02 17:46:37,281 - src.internal.CyberSportParser - INFO - Getting Url
2023-10-02 17:46:37,294 - src.internal.CyberSportParser - INFO - Getting parsing site: https://cyber.sports.ru/dota2/news/top/

2023-10-02 17:46:37,565 - src.internal.CyberSportParser - INFO - Getting Url
2023-10-02 17:46:37,578 - src.internal.CyberSportParser - INFO - Getting parsing site: https://cyber.sports.ru/dota2/news/top/

2023-10-02 17:46:39,088 - src.internal.CyberSportParser - INFO - Getting Url
2023-10-02 17:46:39,088 - src.internal.CyberSportParser - INFO - Getting parsing site: https://cyber.sports.ru/dota2/news/top/

2023-10-02 17:47:02,750 - src.internal.CyberSportParser - INFO - Getting Url
2023-10-02 17:47:02,781 - src.internal.CyberSportParser - INFO - Getting parsing site: https://cyber.sports.ru/dota2/news/top/

2023-10-02 17:47:08,991 - src.internal.CyberSportParser - INFO - Getting Url
2023-10-02 17:47:09,967 - src.internal.CyberSportParser - INFO - Getting Url
2023-10-02 17:47:09,982 - src.internal.CyberSportParser - INFO - Getting parsing site: https://cyber.sports.ru/dota2/news/top/

2023-10-02 17:47:11,488 - src.internal.CyberSportParser - INFO - Getting Url
2023-10-02 17:47:11,818 - src.internal.CyberSportParser - INFO - data: 2 октября  17:17
2023-10-02 17:47:11,819 - src.internal.CyberSportParser - INFO - Title: Mira о пабликах против Квинна: «Я просто бегу в мид, убиваю его 2 раза, и он всегда ломает вещи»
2023-10-02 17:47:11,819 - src.internal.CyberSportParser - INFO - Description: Mira о пабликах против Квинна: «Я просто бегу в мид, убиваю его 2 раза, и он всегда ломает вещи»
2023-10-02 17:47:11,819 - src.internal.CyberSportParser - INFO - URL: /dota2/1115515673-mira-o-pablikax-protiv-kvinna-ya-prosto-begu-v-mid-ubivayu-ego-2-raza-.html
2023-10-02 17:47:11,819 - src.internal.CyberSportParser - INFO - --------------------------
2023-10-02 17:47:11,819 - src.internal.CyberSportParser - INFO - data: 1 октября  23:03
2023-10-02 17:47:11,819 - src.internal.CyberSportParser - INFO - Title: Lukawa: «По первому дню в Америке есть ощущение, что я в альтернативной вселенной – очень странные и непередаваемые чувства»
2023-10-02 17:47:11,819 - src.internal.CyberSportParser - INFO - Description: Lukawa: «По первому дню в Америке есть ощущение, что я в альтернативной вселенной – очень странные и непередаваемые чувства»
2023-10-02 17:47:11,819 - src.internal.CyberSportParser - INFO - URL: /dota2/1115514029-lukawa-po-pervomu-dnyu-v-amerike-est-oshhushhenie-chto-ya-v-alternativ.html
2023-10-02 17:47:11,819 - src.internal.CyberSportParser - INFO - --------------------------
2023-10-02 17:47:11,819 - src.internal.CyberSportParser - INFO - data: 30 сентября  21:30
2023-10-02 17:47:11,819 - src.internal.CyberSportParser - INFO - Title: Алоха о прогрессе Мипошки: «Он был ботом, а стал гением. Что изменилось? Ему было плевать на игру»
2023-10-02 17:47:11,820 - src.internal.CyberSportParser - INFO - Description: Алоха о прогрессе Мипошки: «Он был ботом, а стал гением. Что изменилось? Ему было плевать на игру»
2023-10-02 17:47:11,820 - src.internal.CyberSportParser - INFO - URL: /dota2/1115511135-aloxa-o-progresse-miposhki-on-byl-louskillom-a-stal-geniem-chto-izmeni.html
2023-10-02 17:47:11,820 - src.internal.CyberSportParser - INFO - --------------------------
2023-10-02 17:47:11,820 - src.internal.CyberSportParser - INFO - data: 29 сентября  22:43
2023-10-02 17:47:11,820 - src.internal.CyberSportParser - INFO - Title: Valve начнет наказывать игроков за абуз уровней компендиума
2023-10-02 17:47:11,820 - src.internal.CyberSportParser - INFO - Description: Valve начнет наказывать игроков за абуз уровней компендиума
2023-10-02 17:47:11,820 - src.internal.CyberSportParser - INFO - URL: /dota2/1115508494-valve-nachnet-nakazyvat-igrokov-za-abuz-urovnej-kompendiuma.html
2023-10-02 17:47:11,820 - src.internal.CyberSportParser - INFO - --------------------------
2023-10-02 17:47:11,820 - src.internal.CyberSportParser - INFO - data: 28 сентября  23:57
2023-10-02 17:47:11,820 - src.internal.CyberSportParser - INFO - Title: Дота лагает. Игроки жалуются на слайд-шоу, в том числе в про-матчах
2023-10-02 17:47:11,820 - src.internal.CyberSportParser - INFO - Description: Дота лагает. Игроки жалуются на слайд-шоу, в том числе в про-матчах
2023-10-02 17:47:11,820 - src.internal.CyberSportParser - INFO - URL: /dota2/1115506077-dota-lagaet-igroki-zhaluyutsya-na-slajd-shou-v-tom-chisle-v-shou-match.html
2023-10-02 17:47:11,820 - src.internal.CyberSportParser - INFO - --------------------------
2023-10-02 17:47:11,821 - src.internal.CyberSportParser - INFO - data: 2 октября  17:17
2023-10-02 17:47:11,834 - src.internal.CyberSportParser - INFO - Title: Mira о пабликах против Квинна: «Я просто бегу в мид, убиваю его 2 раза, и он всегда ломает вещи»
2023-10-02 17:47:11,834 - src.internal.CyberSportParser - INFO - Description: Mira о пабликах против Квинна: «Я просто бегу в мид, убиваю его 2 раза, и он всегда ломает вещи»
2023-10-02 17:47:11,834 - src.internal.CyberSportParser - INFO - URL: /dota2/1115515673-mira-o-pablikax-protiv-kvinna-ya-prosto-begu-v-mid-ubivayu-ego-2-raza-.html
2023-10-02 17:47:11,834 - src.internal.CyberSportParser - INFO - --------------------------
2023-10-02 17:47:11,834 - src.internal.CyberSportParser - INFO - data: 1 октября  23:03
2023-10-02 17:47:11,834 - src.internal.CyberSportParser - INFO - Title: Lukawa: «По первому дню в Америке есть ощущение, что я в альтернативной вселенной – очень странные и непередаваемые чувства»
2023-10-02 17:47:11,834 - src.internal.CyberSportParser - INFO - Description: Lukawa: «По первому дню в Америке есть ощущение, что я в альтернативной вселенной – очень странные и непередаваемые чувства»
2023-10-02 17:47:11,835 - src.internal.CyberSportParser - INFO - URL: /dota2/1115514029-lukawa-po-pervomu-dnyu-v-amerike-est-oshhushhenie-chto-ya-v-alternativ.html
2023-10-02 17:47:11,835 - src.internal.CyberSportParser - INFO - --------------------------
2023-10-02 17:47:11,835 - src.internal.CyberSportParser - INFO - data: 30 сентября  21:30
2023-10-02 17:47:11,835 - src.internal.CyberSportParser - INFO - Title: Алоха о прогрессе Мипошки: «Он был ботом, а стал гением. Что изменилось? Ему было плевать на игру»
2023-10-02 17:47:11,835 - src.internal.CyberSportParser - INFO - Description: Алоха о прогрессе Мипошки: «Он был ботом, а стал гением. Что изменилось? Ему было плевать на игру»
2023-10-02 17:47:11,835 - src.internal.CyberSportParser - INFO - URL: /dota2/1115511135-aloxa-o-progresse-miposhki-on-byl-louskillom-a-stal-geniem-chto-izmeni.html
2023-10-02 17:47:11,835 - src.internal.CyberSportParser - INFO - --------------------------
2023-10-02 17:47:11,835 - src.internal.CyberSportParser - INFO - data: 29 сентября  22:43
2023-10-02 17:47:11,835 - src.internal.CyberSportParser - INFO - Title: Valve начнет наказывать игроков за абуз уровней компендиума
2023-10-02 17:47:11,835 - src.internal.CyberSportParser - INFO - Description: Valve начнет наказывать игроков за абуз уровней компендиума
2023-10-02 17:47:11,835 - src.internal.CyberSportParser - INFO - URL: /dota2/1115508494-valve-nachnet-nakazyvat-igrokov-za-abuz-urovnej-kompendiuma.html
2023-10-02 17:47:11,835 - src.internal.CyberSportParser - INFO - --------------------------
2023-10-02 17:47:11,835 - src.internal.CyberSportParser - INFO - data: 28 сентября  23:57
2023-10-02 17:47:11,836 - src.internal.CyberSportParser - INFO - Title: Дота лагает. Игроки жалуются на слайд-шоу, в том числе в про-матчах
2023-10-02 17:47:11,836 - src.internal.CyberSportParser - INFO - Description: Дота лагает. Игроки жалуются на слайд-шоу, в том числе в про-матчах
2023-10-02 17:47:11,836 - src.internal.CyberSportParser - INFO - URL: /dota2/1115506077-dota-lagaet-igroki-zhaluyutsya-na-slajd-shou-v-tom-chisle-v-shou-match.html
2023-10-02 17:47:11,836 - src.internal.CyberSportParser - INFO - --------------------------
2023-10-02 17:47:11,836 - src.internal.CyberSportParser - WARNING - Problem while parsing article: 'NoneType' object has no attribute 'text'
2023-10-02 17:47:11,850 - src.internal.CyberSportParser - WARNING - Problem while parsing article: 'NoneType' object has no attribute 'text'
2023-10-02 17:47:11,850 - src.internal.CyberSportParser - WARNING - Problem while parsing article: 'NoneType' object has no attribute 'text'
2023-10-02 17:47:11,850 - src.internal.CyberSportParser - WARNING - Problem while parsing article: 'NoneType' object has no attribute 'text'
2023-10-02 17:47:11,850 - src.internal.CyberSportParser - WARNING - Problem while parsing article: 'NoneType' object has no attribute 'text'
2023-10-02 17:47:11,850 - src.internal.CyberSportParser - WARNING - Problem while parsing article: 'NoneType' object has no attribute 'text'
2023-10-02 17:47:11,851 - src.internal.CyberSportParser - WARNING - Problem while parsing article: 'NoneType' object has no attribute 'text'
2023-10-02 17:47:11,851 - src.internal.CyberSportParser - WARNING - Problem while parsing article: 'NoneType' object has no attribute 'text'
2023-10-02 17:47:11,851 - src.internal.CyberSportParser - WARNING - Problem while parsing article: 'NoneType' object has no attribute 'text'
2023-10-02 17:47:11,851 - src.internal.CyberSportParser - WARNING - Problem while parsing article: 'NoneType' object has no attribute 'text'
2023-10-02 17:47:11,851 - src.internal.CyberSportParser - WARNING - Problem while parsing article: 'NoneType' object has no attribute 'text'
2023-10-02 17:47:11,851 - src.internal.CyberSportParser - WARNING - Problem while parsing article: 'NoneType' object has no attribute 'text'
2023-10-02 17:47:11,851 - src.internal.CyberSportParser - WARNING - Problem while parsing article: 'NoneType' object has no attribute 'text'
2023-10-02 17:47:11,852 - src.internal.CyberSportParser - WARNING - Problem while parsing article: 'NoneType' object has no attribute 'text'
2023-10-02 17:47:11,852 - src.internal.CyberSportParser - WARNING - Problem while parsing article: 'NoneType' object has no attribute 'text'
2023-10-02 17:47:11,852 - src.internal.CyberSportParser - WARNING - Problem while parsing article: 'NoneType' object has no attribute 'text'
2023-10-02 17:47:11,852 - src.internal.CyberSportParser - WARNING - Problem while parsing article: 'NoneType' object has no attribute 'text'
2023-10-02 17:47:11,852 - src.internal.CyberSportParser - WARNING - Problem while parsing article: 'NoneType' object has no attribute 'text'
2023-10-02 17:47:11,852 - src.internal.CyberSportParser - WARNING - Problem while parsing article: 'NoneType' object has no attribute 'text'
2023-10-02 17:47:11,852 - src.internal.CyberSportParser - WARNING - Problem while parsing article: 'NoneType' object has no attribute 'text'
2023-10-02 17:47:11,853 - src.internal.CyberSportParser - WARNING - Problem while parsing article: 'NoneType' object has no attribute 'text'
2023-10-02 17:47:11,853 - src.internal.CyberSportParser - WARNING - Problem while parsing article: 'NoneType' object has no attribute 'text'
2023-10-02 17:47:11,853 - src.internal.CyberSportParser - WARNING - Problem while parsing article: 'NoneType' object has no attribute 'text'
2023-10-02 17:47:11,853 - src.internal.CyberSportParser - WARNING - Problem while parsing article: 'NoneType' object has no attribute 'text'
2023-10-02 17:47:11,853 - src.internal.CyberSportParser - WARNING - Problem while parsing article: 'NoneType' object has no attribute 'text'
2023-10-02 17:47:11,853 - src.internal.CyberSportParser - WARNING - Problem while parsing article: 'NoneType' object has no attribute 'text'
2023-10-02 17:47:11,853 - src.internal.CyberSportParser - WARNING - Problem while parsing article: 'NoneType' object has no attribute 'text'
2023-10-02 17:47:11,853 - src.internal.CyberSportParser - WARNING - Problem while parsing article: 'NoneType' object has no attribute 'text'
2023-10-02 17:47:11,853 - src.internal.CyberSportParser - WARNING - Problem while parsing article: 'NoneType' object has no attribute 'text'
2023-10-02 17:47:11,854 - src.internal.CyberSportParser - WARNING - Problem while parsing article: 'NoneType' object has no attribute 'text'
2023-10-02 17:47:11,854 - src.internal.CyberSportParser - WARNING - Problem while parsing article: 'NoneType' object has no attribute 'text'
2023-10-02 17:47:11,865 - src.internal.CyberSportParser - WARNING - Problem while parsing article: 'NoneType' object has no attribute 'text'
2023-10-02 17:47:11,865 - src.internal.CyberSportParser - WARNING - Problem while parsing article: 'NoneType' object has no attribute 'text'
2023-10-02 17:47:11,865 - src.internal.CyberSportParser - WARNING - Problem while parsing article: 'NoneType' object has no attribute 'text'
2023-10-02 17:47:11,865 - src.internal.CyberSportParser - WARNING - Problem while parsing article: 'NoneType' object has no attribute 'text'
2023-10-02 17:47:11,866 - src.internal.CyberSportParser - WARNING - Problem while parsing article: 'NoneType' object has no attribute 'text'
2023-10-02 17:47:11,866 - src.internal.CyberSportParser - WARNING - Problem while parsing article: 'NoneType' object has no attribute 'text'
2023-10-02 17:47:11,866 - src.internal.CyberSportParser - WARNING - Problem while parsing article: 'NoneType' object has no attribute 'text'
2023-10-02 17:47:11,866 - src.internal.CyberSportParser - WARNING - Problem while parsing article: 'NoneType' object has no attribute 'text'
2023-10-02 17:47:11,866 - src.internal.CyberSportParser - WARNING - Problem while parsing article: 'NoneType' object has no attribute 'text'
2023-10-02 17:47:11,866 - src.internal.CyberSportParser - WARNING - Problem while parsing article: 'NoneType' object has no attribute 'text'
2023-10-02 17:47:11,866 - src.internal.CyberSportParser - WARNING - Problem while parsing article: 'NoneType' object has no attribute 'text'
2023-10-02 17:47:11,866 - src.internal.CyberSportParser - WARNING - Problem while parsing article: 'NoneType' object has no attribute 'text'
2023-10-02 17:47:11,866 - src.internal.CyberSportParser - WARNING - Problem while parsing article: 'NoneType' object has no attribute 'text'
2023-10-02 17:47:11,866 - src.internal.CyberSportParser - WARNING - Problem while parsing article: 'NoneType' object has no attribute 'text'
2023-10-02 17:47:11,867 - src.internal.CyberSportParser - WARNING - Problem while parsing article: 'NoneType' object has no attribute 'text'
2023-10-02 17:47:11,867 - src.internal.CyberSportParser - WARNING - Problem while parsing article: 'NoneType' object has no attribute 'text'
2023-10-02 17:47:11,867 - src.internal.CyberSportParser - WARNING - Problem while parsing article: 'NoneType' object has no attribute 'text'
2023-10-02 17:47:11,867 - src.internal.CyberSportParser - WARNING - Problem while parsing article: 'NoneType' object has no attribute 'text'
2023-10-02 17:47:26,714 - src.internal.CyberSportParser - INFO - Getting Url
2023-10-02 17:47:27,496 - src.internal.CyberSportParser - INFO - Getting Url
2023-10-02 17:47:27,496 - src.internal.CyberSportParser - INFO - Getting parsing site: https://cyber.sports.ru/dota2/news/top/

2023-10-02 17:47:27,999 - src.internal.CyberSportParser - INFO - Getting Url
2023-10-02 17:47:27,999 - src.internal.CyberSportParser - INFO - Getting parsing site: https://cyber.sports.ru/dota2/news/top/

2023-10-02 17:47:28,316 - src.internal.CyberSportParser - INFO - Getting Url
2023-10-02 17:47:28,329 - src.internal.CyberSportParser - INFO - Getting parsing site: https://cyber.sports.ru/dota2/news/top/

2023-10-02 17:47:28,737 - src.internal.CyberSportParser - INFO - Getting Url
2023-10-02 17:47:28,758 - src.internal.CyberSportParser - INFO - Getting parsing site: https://cyber.sports.ru/dota2/news/top/

2023-10-02 17:47:29,755 - src.internal.CyberSportParser - INFO - Getting Url
2023-10-02 17:47:29,757 - src.internal.CyberSportParser - INFO - Getting parsing site: https://cyber.sports.ru/dota2/news/top/

2023-10-02 17:47:30,215 - src.internal.CyberSportParser - INFO - data: 2 октября  17:17
2023-10-02 17:47:30,342 - src.internal.CyberSportParser - INFO - Getting Url
2023-10-02 17:47:30,358 - src.internal.CyberSportParser - INFO - Getting parsing site: https://cyber.sports.ru/dota2/news/top/

2023-10-02 17:47:30,578 - src.internal.CyberSportParser - INFO - Title: Mira о пабликах против Квинна: «Я просто бегу в мид, убиваю его 2 раза, и он всегда ломает вещи»
2023-10-02 17:47:30,716 - src.internal.CyberSportParser - INFO - Getting Url
2023-10-02 17:47:30,716 - src.internal.CyberSportParser - INFO - Getting parsing site: https://cyber.sports.ru/dota2/news/top/

2023-10-02 17:47:30,878 - src.internal.CyberSportParser - INFO - Description: Mira о пабликах против Квинна: «Я просто бегу в мид, убиваю его 2 раза, и он всегда ломает вещи»
2023-10-02 17:47:30,929 - src.internal.CyberSportParser - INFO - Getting Url
2023-10-02 17:47:30,929 - src.internal.CyberSportParser - INFO - Getting parsing site: https://cyber.sports.ru/dota2/news/top/

2023-10-02 17:47:31,195 - src.internal.CyberSportParser - INFO - URL: /dota2/1115515673-mira-o-pablikax-protiv-kvinna-ya-prosto-begu-v-mid-ubivayu-ego-2-raza-.html
2023-10-02 17:47:31,242 - src.internal.CyberSportParser - INFO - Getting Url
2023-10-02 17:47:31,242 - src.internal.CyberSportParser - INFO - Getting parsing site: https://cyber.sports.ru/dota2/news/top/

2023-10-02 17:47:31,495 - src.internal.CyberSportParser - INFO - --------------------------
2023-10-02 17:47:31,622 - src.internal.CyberSportParser - INFO - Getting Url
2023-10-02 17:47:31,641 - src.internal.CyberSportParser - INFO - Getting parsing site: https://cyber.sports.ru/dota2/news/top/

2023-10-02 17:47:32,020 - src.internal.CyberSportParser - INFO - Getting Url
2023-10-02 17:47:32,020 - src.internal.CyberSportParser - INFO - Getting parsing site: https://cyber.sports.ru/dota2/news/top/

2023-10-02 17:47:32,431 - src.internal.CyberSportParser - INFO - Getting Url
2023-10-02 17:47:32,441 - src.internal.CyberSportParser - INFO - Getting parsing site: https://cyber.sports.ru/dota2/news/top/

2023-10-02 17:47:32,670 - src.internal.CyberSportParser - INFO - Getting Url
2023-10-02 17:47:32,681 - src.internal.CyberSportParser - INFO - Getting parsing site: https://cyber.sports.ru/dota2/news/top/

2023-10-02 17:47:33,734 - src.internal.CyberSportParser - INFO - Getting Url
2023-10-02 17:47:33,734 - src.internal.CyberSportParser - INFO - Getting parsing site: https://cyber.sports.ru/dota2/news/top/

2023-10-02 17:47:34,284 - src.internal.CyberSportParser - INFO - Getting Url
2023-10-02 17:47:34,316 - src.internal.CyberSportParser - INFO - Getting parsing site: https://cyber.sports.ru/dota2/news/top/

2023-10-02 17:47:34,773 - src.internal.CyberSportParser - INFO - Getting Url
2023-10-02 17:47:34,805 - src.internal.CyberSportParser - INFO - Getting parsing site: https://cyber.sports.ru/dota2/news/top/

2023-10-02 17:47:35,059 - src.internal.CyberSportParser - INFO - data: 1 октября  23:03
2023-10-02 17:47:35,106 - src.internal.CyberSportParser - INFO - Getting Url
2023-10-02 17:47:35,107 - src.internal.CyberSportParser - INFO - Getting parsing site: https://cyber.sports.ru/dota2/news/top/

2023-10-02 17:47:35,297 - src.internal.CyberSportParser - INFO - Title: Lukawa: «По первому дню в Америке есть ощущение, что я в альтернативной вселенной – очень странные и непередаваемые чувства»
2023-10-02 17:47:35,376 - src.internal.CyberSportParser - INFO - Getting Url
2023-10-02 17:47:35,407 - src.internal.CyberSportParser - INFO - Getting parsing site: https://cyber.sports.ru/dota2/news/top/

2023-10-02 17:47:35,533 - src.internal.CyberSportParser - INFO - Description: Lukawa: «По первому дню в Америке есть ощущение, что я в альтернативной вселенной – очень странные и непередаваемые чувства»
2023-10-02 17:47:35,613 - src.internal.CyberSportParser - INFO - Getting Url
2023-10-02 17:47:35,645 - src.internal.CyberSportParser - INFO - Getting parsing site: https://cyber.sports.ru/dota2/news/top/

2023-10-02 17:47:35,772 - src.internal.CyberSportParser - INFO - URL: /dota2/1115514029-lukawa-po-pervomu-dnyu-v-amerike-est-oshhushhenie-chto-ya-v-alternativ.html
2023-10-02 17:47:35,824 - src.internal.CyberSportParser - INFO - Getting Url
2023-10-02 17:47:35,824 - src.internal.CyberSportParser - INFO - Getting parsing site: https://cyber.sports.ru/dota2/news/top/

2023-10-02 17:47:36,042 - src.internal.CyberSportParser - INFO - --------------------------
2023-10-02 17:47:36,154 - src.internal.CyberSportParser - INFO - Getting Url
2023-10-02 17:47:36,191 - src.internal.CyberSportParser - INFO - Getting parsing site: https://cyber.sports.ru/dota2/news/top/

2023-10-02 17:47:36,438 - src.internal.CyberSportParser - INFO - Getting Url
2023-10-02 17:47:36,463 - src.internal.CyberSportParser - INFO - Getting parsing site: https://cyber.sports.ru/dota2/news/top/

2023-10-02 17:47:36,627 - src.internal.CyberSportParser - INFO - Getting Url
2023-10-02 17:47:36,659 - src.internal.CyberSportParser - INFO - Getting parsing site: https://cyber.sports.ru/dota2/news/top/

2023-10-02 17:47:36,869 - src.internal.CyberSportParser - INFO - Getting Url
2023-10-02 17:47:36,869 - src.internal.CyberSportParser - INFO - Getting parsing site: https://cyber.sports.ru/dota2/news/top/

2023-10-02 17:47:37,334 - src.internal.CyberSportParser - INFO - Getting Url
2023-10-02 17:47:37,350 - src.internal.CyberSportParser - INFO - Getting parsing site: https://cyber.sports.ru/dota2/news/top/

2023-10-02 17:47:37,590 - src.internal.CyberSportParser - INFO - Getting Url
2023-10-02 17:47:37,616 - src.internal.CyberSportParser - INFO - Getting parsing site: https://cyber.sports.ru/dota2/news/top/

2023-10-02 17:47:37,779 - src.internal.CyberSportParser - INFO - Getting Url
2023-10-02 17:47:37,784 - src.internal.CyberSportParser - INFO - Getting parsing site: https://cyber.sports.ru/dota2/news/top/

2023-10-02 17:47:38,000 - src.internal.CyberSportParser - INFO - data: 30 сентября  21:30
2023-10-02 17:47:38,095 - src.internal.CyberSportParser - INFO - Getting Url
2023-10-02 17:47:38,143 - src.internal.CyberSportParser - INFO - Getting parsing site: https://cyber.sports.ru/dota2/news/top/

2023-10-02 17:47:38,300 - src.internal.CyberSportParser - INFO - Title: Алоха о прогрессе Мипошки: «Он был ботом, а стал гением. Что изменилось? Ему было плевать на игру»
2023-10-02 17:47:38,380 - src.internal.CyberSportParser - INFO - Getting Url
2023-10-02 17:47:38,412 - src.internal.CyberSportParser - INFO - Getting parsing site: https://cyber.sports.ru/dota2/news/top/

2023-10-02 17:47:38,523 - src.internal.CyberSportParser - INFO - Description: Алоха о прогрессе Мипошки: «Он был ботом, а стал гением. Что изменилось? Ему было плевать на игру»
2023-10-02 17:47:38,603 - src.internal.CyberSportParser - INFO - Getting Url
2023-10-02 17:47:38,603 - src.internal.CyberSportParser - INFO - Getting parsing site: https://cyber.sports.ru/dota2/news/top/

2023-10-02 17:47:38,745 - src.internal.CyberSportParser - INFO - URL: /dota2/1115511135-aloxa-o-progresse-miposhki-on-byl-louskillom-a-stal-geniem-chto-izmeni.html
2023-10-02 17:47:38,839 - src.internal.CyberSportParser - INFO - Getting Url
2023-10-02 17:47:38,855 - src.internal.CyberSportParser - INFO - Getting parsing site: https://cyber.sports.ru/dota2/news/top/

2023-10-02 17:47:38,950 - src.internal.CyberSportParser - INFO - --------------------------
2023-10-02 17:47:38,996 - src.internal.CyberSportParser - INFO - Getting Url
2023-10-02 17:47:39,002 - src.internal.CyberSportParser - INFO - Getting parsing site: https://cyber.sports.ru/dota2/news/top/

2023-10-02 17:47:39,221 - src.internal.CyberSportParser - INFO - Getting Url
2023-10-02 17:47:39,222 - src.internal.CyberSportParser - INFO - Getting parsing site: https://cyber.sports.ru/dota2/news/top/

2023-10-02 17:47:39,631 - src.internal.CyberSportParser - INFO - Getting Url
2023-10-02 17:47:39,647 - src.internal.CyberSportParser - INFO - Getting parsing site: https://cyber.sports.ru/dota2/news/top/

2023-10-02 17:47:40,279 - src.internal.CyberSportParser - INFO - Getting Url
2023-10-02 17:47:40,304 - src.internal.CyberSportParser - INFO - Getting parsing site: https://cyber.sports.ru/dota2/news/top/

2023-10-02 17:47:40,535 - src.internal.CyberSportParser - INFO - Getting Url
2023-10-02 17:47:40,535 - src.internal.CyberSportParser - INFO - Getting parsing site: https://cyber.sports.ru/dota2/news/top/

2023-10-02 17:47:40,830 - src.internal.CyberSportParser - INFO - Getting Url
2023-10-02 17:47:40,846 - src.internal.CyberSportParser - INFO - Getting parsing site: https://cyber.sports.ru/dota2/news/top/

2023-10-02 17:47:41,036 - src.internal.CyberSportParser - INFO - data: 29 сентября  22:43
2023-10-02 17:47:41,036 - src.internal.CyberSportParser - INFO - Title: Valve начнет наказывать игроков за абуз уровней компендиума
2023-10-02 17:47:41,036 - src.internal.CyberSportParser - INFO - Description: Valve начнет наказывать игроков за абуз уровней компендиума
2023-10-02 17:47:41,037 - src.internal.CyberSportParser - INFO - URL: /dota2/1115508494-valve-nachnet-nakazyvat-igrokov-za-abuz-urovnej-kompendiuma.html
2023-10-02 17:47:41,037 - src.internal.CyberSportParser - INFO - --------------------------
2023-10-02 17:47:41,114 - src.internal.CyberSportParser - INFO - Getting Url
2023-10-02 17:47:41,146 - src.internal.CyberSportParser - INFO - Getting parsing site: https://cyber.sports.ru/dota2/news/top/

2023-10-02 17:47:41,416 - src.internal.CyberSportParser - INFO - Getting Url
2023-10-02 17:47:41,416 - src.internal.CyberSportParser - INFO - Getting parsing site: https://cyber.sports.ru/dota2/news/top/

2023-10-02 17:47:41,701 - src.internal.CyberSportParser - INFO - Getting Url
2023-10-02 17:47:41,702 - src.internal.CyberSportParser - INFO - Getting parsing site: https://cyber.sports.ru/dota2/news/top/

2023-10-02 17:47:41,956 - src.internal.CyberSportParser - INFO - Getting Url
2023-10-02 17:47:41,956 - src.internal.CyberSportParser - INFO - Getting parsing site: https://cyber.sports.ru/dota2/news/top/

2023-10-02 17:47:42,241 - src.internal.CyberSportParser - INFO - data: 28 сентября  23:57
2023-10-02 17:47:42,241 - src.internal.CyberSportParser - INFO - Title: Дота лагает. Игроки жалуются на слайд-шоу, в том числе в про-матчах
2023-10-02 17:47:42,241 - src.internal.CyberSportParser - INFO - Description: Дота лагает. Игроки жалуются на слайд-шоу, в том числе в про-матчах
2023-10-02 17:47:42,242 - src.internal.CyberSportParser - INFO - URL: /dota2/1115506077-dota-lagaet-igroki-zhaluyutsya-na-slajd-shou-v-tom-chisle-v-shou-match.html
2023-10-02 17:47:42,242 - src.internal.CyberSportParser - INFO - --------------------------
2023-10-02 17:47:42,336 - src.internal.CyberSportParser - INFO - Getting Url
2023-10-02 17:47:42,384 - src.internal.CyberSportParser - INFO - Getting parsing site: https://cyber.sports.ru/dota2/news/top/

2023-10-02 17:47:42,716 - src.internal.CyberSportParser - INFO - Getting Url
2023-10-02 17:47:42,734 - src.internal.CyberSportParser - INFO - Getting parsing site: https://cyber.sports.ru/dota2/news/top/

2023-10-02 17:47:42,907 - src.internal.CyberSportParser - INFO - Getting Url
2023-10-02 17:47:42,908 - src.internal.CyberSportParser - INFO - Getting parsing site: https://cyber.sports.ru/dota2/news/top/

2023-10-02 17:47:43,192 - src.internal.CyberSportParser - INFO - Getting Url
2023-10-02 17:47:43,208 - src.internal.CyberSportParser - INFO - Getting parsing site: https://cyber.sports.ru/dota2/news/top/

2023-10-02 17:47:44,001 - src.internal.CyberSportParser - INFO - data: 2 октября  17:17
2023-10-02 17:47:44,001 - src.internal.CyberSportParser - INFO - Title: Mira о пабликах против Квинна: «Я просто бегу в мид, убиваю его 2 раза, и он всегда ломает вещи»
2023-10-02 17:47:44,001 - src.internal.CyberSportParser - INFO - Description: Mira о пабликах против Квинна: «Я просто бегу в мид, убиваю его 2 раза, и он всегда ломает вещи»
2023-10-02 17:47:44,002 - src.internal.CyberSportParser - INFO - URL: /dota2/1115515673-mira-o-pablikax-protiv-kvinna-ya-prosto-begu-v-mid-ubivayu-ego-2-raza-.html
2023-10-02 17:47:44,002 - src.internal.CyberSportParser - INFO - --------------------------
2023-10-02 17:47:44,053 - src.internal.CyberSportParser - INFO - Getting Url
2023-10-02 17:47:44,053 - src.internal.CyberSportParser - INFO - Getting parsing site: https://cyber.sports.ru/dota2/news/top/

2023-10-02 17:47:59,816 - src.internal.CyberSportParser - INFO - Getting Url
2023-10-02 17:47:59,816 - src.internal.CyberSportParser - INFO - Getting parsing site: https://cyber.sports.ru/dota2/news/top/

2023-10-02 17:48:00,270 - src.internal.CyberSportParser - INFO - Getting Url
2023-10-02 17:48:00,270 - src.internal.CyberSportParser - INFO - Getting parsing site: https://cyber.sports.ru/dota2/news/top/

2023-10-02 17:48:00,849 - src.internal.CyberSportParser - INFO - Getting Url
2023-10-02 17:48:00,879 - src.internal.CyberSportParser - INFO - Getting parsing site: https://cyber.sports.ru/dota2/news/top/

